<?xml version="1.0" encoding="UTF-8"?>
<testng-results ignored="0" total="4" passed="3" failed="1" skipped="0">
  <reporter-output>
  </reporter-output>
  <suite started-at="2025-11-07T20:53:20 GMT+02:00" name="Surefire suite" finished-at="2025-11-07T20:53:42 GMT+02:00" duration-ms="21541">
    <groups>
    </groups>
    <test started-at="2025-11-07T20:53:20 GMT+02:00" name="Surefire test" finished-at="2025-11-07T20:53:42 GMT+02:00" duration-ms="21541">
      <class name="task.Inventory.InventoryTests">
        <test-method is-config="true" signature="setUp()[pri:0, instance:task.Inventory.InventoryTests@3745e5c6]" started-at="2025-11-07T20:53:20 GMT+02:00" name="setUp" finished-at="2025-11-07T20:53:23 GMT+02:00" duration-ms="2989" status="PASS">
          <reporter-output>
          </reporter-output>
        </test-method> <!-- setUp -->
        <test-method is-config="true" signature="goHome()[pri:0, instance:task.Inventory.InventoryTests@3745e5c6]" started-at="2025-11-07T20:53:23 GMT+02:00" name="goHome" finished-at="2025-11-07T20:53:24 GMT+02:00" duration-ms="1067" status="PASS">
          <reporter-output>
          </reporter-output>
        </test-method> <!-- goHome -->
        <test-method signature="inventoryTest(task.Utils.LoginData)[pri:0, instance:task.Inventory.InventoryTests@3745e5c6]" started-at="2025-11-07T20:53:24 GMT+02:00" name="inventoryTest" data-provider="validData" finished-at="2025-11-07T20:53:35 GMT+02:00" duration-ms="10864" status="PASS">
          <params>
            <param index="0">
              <value>
                <![CDATA[task.Utils.LoginData@6ac4944a]]>
              </value>
            </param>
          </params>
          <reporter-output>
          </reporter-output>
        </test-method> <!-- inventoryTest -->
        <test-method is-config="true" signature="tearDown()[pri:0, instance:task.Inventory.InventoryTests@3745e5c6]" started-at="2025-11-07T20:53:35 GMT+02:00" name="tearDown" finished-at="2025-11-07T20:53:35 GMT+02:00" duration-ms="155" status="PASS">
          <reporter-output>
          </reporter-output>
        </test-method> <!-- tearDown -->
      </class> <!-- task.Inventory.InventoryTests -->
      <class name="task.Login.LoginTests">
        <test-method is-config="true" signature="setUp()[pri:0, instance:task.Login.LoginTests@5e4c8041]" started-at="2025-11-07T20:53:35 GMT+02:00" name="setUp" finished-at="2025-11-07T20:53:36 GMT+02:00" duration-ms="676" status="PASS">
          <reporter-output>
          </reporter-output>
        </test-method> <!-- setUp -->
        <test-method is-config="true" signature="goHome()[pri:0, instance:task.Login.LoginTests@5e4c8041]" started-at="2025-11-07T20:53:36 GMT+02:00" name="goHome" finished-at="2025-11-07T20:53:37 GMT+02:00" duration-ms="1009" status="PASS">
          <reporter-output>
          </reporter-output>
        </test-method> <!-- goHome -->
        <test-method signature="invalidLogin(task.Utils.LoginData)[pri:0, instance:task.Login.LoginTests@5e4c8041]" started-at="2025-11-07T20:53:37 GMT+02:00" name="invalidLogin" data-provider="invalidCredentialsData" finished-at="2025-11-07T20:53:37 GMT+02:00" duration-ms="325" status="PASS">
          <params>
            <param index="0">
              <value>
                <![CDATA[task.Utils.LoginData@5a772895]]>
              </value>
            </param>
          </params>
          <reporter-output>
          </reporter-output>
        </test-method> <!-- invalidLogin -->
        <test-method is-config="true" signature="goHome()[pri:0, instance:task.Login.LoginTests@5e4c8041]" started-at="2025-11-07T20:53:37 GMT+02:00" name="goHome" finished-at="2025-11-07T20:53:37 GMT+02:00" duration-ms="77" status="PASS">
          <reporter-output>
          </reporter-output>
        </test-method> <!-- goHome -->
        <test-method signature="missingPasswordLogin(task.Utils.LoginData)[pri:0, instance:task.Login.LoginTests@5e4c8041]" started-at="2025-11-07T20:53:37 GMT+02:00" name="missingPasswordLogin" data-provider="missingPasswordData" finished-at="2025-11-07T20:53:38 GMT+02:00" duration-ms="301" status="PASS">
          <params>
            <param index="0">
              <value>
                <![CDATA[task.Utils.LoginData@59221b97]]>
              </value>
            </param>
          </params>
          <reporter-output>
          </reporter-output>
        </test-method> <!-- missingPasswordLogin -->
        <test-method is-config="true" signature="goHome()[pri:0, instance:task.Login.LoginTests@5e4c8041]" started-at="2025-11-07T20:53:38 GMT+02:00" name="goHome" finished-at="2025-11-07T20:53:38 GMT+02:00" duration-ms="64" status="PASS">
          <reporter-output>
          </reporter-output>
        </test-method> <!-- goHome -->
        <test-method signature="validLogin(task.Utils.LoginData)[pri:0, instance:task.Login.LoginTests@5e4c8041]" started-at="2025-11-07T20:53:38 GMT+02:00" name="validLogin" data-provider="validData" finished-at="2025-11-07T20:53:42 GMT+02:00" duration-ms="3872" status="FAIL">
          <params>
            <param index="0">
              <value>
                <![CDATA[task.Utils.LoginData@17ae98d7]]>
              </value>
            </param>
          </params>
          <exception class="org.openqa.selenium.remote.UnreachableBrowserException">
            <message>
              <![CDATA[Error communicating with the remote browser. It may have died.
Build info: version: '4.38.0', revision: '6b412e825c*'
System info: os.name: 'Windows 11', os.arch: 'amd64', os.version: '10.0', java.version: '17.0.10'
Driver info: org.openqa.selenium.chrome.ChromeDriver
Command: [760240f1997cb37a4171e48d65fd9cb3, clickElement [id]]
Capabilities {acceptInsecureCerts: false, browserName: chrome, browserVersion: 141.0.7390.124, chrome: {chromedriverVersion: 141.0.7390.122 (b477534e7e1..., userDataDir: C:\Users\Qebaa\AppData\Loca...}, fedcm:accounts: true, goog:chromeOptions: {debuggerAddress: localhost:53296}, networkConnectionEnabled: false, pageLoadStrategy: normal, platformName: windows, proxy: Proxy(), se:cdp: ws://localhost:53296/devtoo..., se:cdpVersion: 141.0.7390.124, setWindowRect: true, strictFileInteractability: false, timeouts: {implicit: 0, pageLoad: 300000, script: 30000}, unhandledPromptBehavior: dismiss and notify, webauthn:extension:credBlob: true, webauthn:extension:largeBlob: true, webauthn:extension:minPinLength: true, webauthn:extension:prf: true, webauthn:virtualAuthenticators: true}
Element: [[ChromeDriver: chrome on windows (760240f1997cb37a4171e48d65fd9cb3)] -> id: login-button]
Session ID: 760240f1997cb37a4171e48d65fd9cb3]]>
            </message>
            <full-stacktrace>
              <![CDATA[org.openqa.selenium.remote.UnreachableBrowserException: Error communicating with the remote browser. It may have died.
Build info: version: '4.38.0', revision: '6b412e825c*'
System info: os.name: 'Windows 11', os.arch: 'amd64', os.version: '10.0', java.version: '17.0.10'
Driver info: org.openqa.selenium.chrome.ChromeDriver
Command: [760240f1997cb37a4171e48d65fd9cb3, clickElement [id]]
Capabilities {acceptInsecureCerts: false, browserName: chrome, browserVersion: 141.0.7390.124, chrome: {chromedriverVersion: 141.0.7390.122 (b477534e7e1..., userDataDir: C:\Users\Qebaa\AppData\Loca...}, fedcm:accounts: true, goog:chromeOptions: {debuggerAddress: localhost:53296}, networkConnectionEnabled: false, pageLoadStrategy: normal, platformName: windows, proxy: Proxy(), se:cdp: ws://localhost:53296/devtoo..., se:cdpVersion: 141.0.7390.124, setWindowRect: true, strictFileInteractability: false, timeouts: {implicit: 0, pageLoad: 300000, script: 30000}, unhandledPromptBehavior: dismiss and notify, webauthn:extension:credBlob: true, webauthn:extension:largeBlob: true, webauthn:extension:minPinLength: true, webauthn:extension:prf: true, webauthn:virtualAuthenticators: true}
Element: [[ChromeDriver: chrome on windows (760240f1997cb37a4171e48d65fd9cb3)] -> id: login-button]
Session ID: 760240f1997cb37a4171e48d65fd9cb3
at org.openqa.selenium.remote.RemoteWebDriver.execute(RemoteWebDriver.java:588)
at org.openqa.selenium.remote.RemoteWebElement.execute(RemoteWebElement.java:223)
at org.openqa.selenium.remote.RemoteWebElement.click(RemoteWebElement.java:76)
at task.Pages.LoginPage.loginClick(LoginPage.java:35)
at task.Login.LoginTests.validLogin(LoginTests.java:19)
at java.base/jdk.internal.reflect.NativeMethodAccessorImpl.invoke0(Native Method)
at java.base/jdk.internal.reflect.NativeMethodAccessorImpl.invoke(NativeMethodAccessorImpl.java:77)
at java.base/jdk.internal.reflect.DelegatingMethodAccessorImpl.invoke(DelegatingMethodAccessorImpl.java:43)
at java.base/java.lang.reflect.Method.invoke(Method.java:568)
at org.testng.internal.invokers.MethodInvocationHelper.invokeMethod(MethodInvocationHelper.java:141)
at org.testng.internal.invokers.TestInvoker.invokeMethod(TestInvoker.java:686)
at org.testng.internal.invokers.TestInvoker.invokeTestMethod(TestInvoker.java:230)
at org.testng.internal.invokers.MethodRunner.runInSequence(MethodRunner.java:63)
at org.testng.internal.invokers.TestInvoker$MethodInvocationAgent.invoke(TestInvoker.java:992)
at org.testng.internal.invokers.TestInvoker.invokeTestMethods(TestInvoker.java:203)
at org.testng.internal.invokers.TestMethodWorker.invokeTestMethods(TestMethodWorker.java:154)
at org.testng.internal.invokers.TestMethodWorker.run(TestMethodWorker.java:134)
at java.base/java.util.ArrayList.forEach(ArrayList.java:1511)
at org.testng.TestRunner.privateRun(TestRunner.java:739)
at org.testng.TestRunner.run(TestRunner.java:614)
at org.testng.SuiteRunner.runTest(SuiteRunner.java:421)
at org.testng.SuiteRunner.runSequentially(SuiteRunner.java:413)
at org.testng.SuiteRunner.privateRun(SuiteRunner.java:373)
at org.testng.SuiteRunner.run(SuiteRunner.java:312)
at org.testng.SuiteRunnerWorker.runSuite(SuiteRunnerWorker.java:52)
at org.testng.SuiteRunnerWorker.run(SuiteRunnerWorker.java:95)
at org.testng.TestNG.runSuitesSequentially(TestNG.java:1274)
at org.testng.TestNG.runSuitesLocally(TestNG.java:1208)
at org.testng.TestNG.runSuites(TestNG.java:1112)
at org.testng.TestNG.run(TestNG.java:1079)
at org.apache.maven.surefire.testng.TestNGExecutor.run(TestNGExecutor.java:135)
at org.apache.maven.surefire.testng.TestNGDirectoryTestSuite.executeMulti(TestNGDirectoryTestSuite.java:193)
at org.apache.maven.surefire.testng.TestNGDirectoryTestSuite.execute(TestNGDirectoryTestSuite.java:94)
at org.apache.maven.surefire.testng.TestNGProvider.invoke(TestNGProvider.java:146)
at org.apache.maven.surefire.booter.ForkedBooter.invokeProviderInSameClassLoader(ForkedBooter.java:384)
at org.apache.maven.surefire.booter.ForkedBooter.runSuitesInProcess(ForkedBooter.java:345)
at org.apache.maven.surefire.booter.ForkedBooter.execute(ForkedBooter.java:126)
at org.apache.maven.surefire.booter.ForkedBooter.main(ForkedBooter.java:418)
Caused by: java.io.UncheckedIOException: java.io.IOException: HTTP/1.1 header parser received no bytes
at org.openqa.selenium.remote.http.jdk.JdkHttpClient.execute0(JdkHttpClient.java:500)
at org.openqa.selenium.remote.http.AddSeleniumUserAgent.lambda$apply$0(AddSeleniumUserAgent.java:42)
at org.openqa.selenium.remote.http.Filter.lambda$andFinally$1(Filter.java:55)
at org.openqa.selenium.remote.http.jdk.JdkHttpClient.lambda$executeAsync$2(JdkHttpClient.java:387)
at java.base/java.util.concurrent.Executors$RunnableAdapter.call(Executors.java:539)
at java.base/java.util.concurrent.FutureTask.run(FutureTask.java:264)
at java.base/java.util.concurrent.ThreadPoolExecutor.runWorker(ThreadPoolExecutor.java:1136)
at java.base/java.util.concurrent.ThreadPoolExecutor$Worker.run(ThreadPoolExecutor.java:635)
at java.base/java.lang.Thread.run(Thread.java:842)
Caused by: java.io.IOException: HTTP/1.1 header parser received no bytes
at java.net.http/jdk.internal.net.http.HttpClientImpl.send(HttpClientImpl.java:586)
at java.net.http/jdk.internal.net.http.HttpClientFacade.send(HttpClientFacade.java:123)
at org.openqa.selenium.remote.http.jdk.JdkHttpClient.execute0(JdkHttpClient.java:459)
... 8 more
Caused by: java.io.IOException: HTTP/1.1 header parser received no bytes
at java.net.http/jdk.internal.net.http.common.Utils.wrapWithExtraDetail(Utils.java:348)
at java.net.http/jdk.internal.net.http.Http1Response$HeadersReader.onReadError(Http1Response.java:675)
at java.net.http/jdk.internal.net.http.Http1AsyncReceiver.checkForErrors(Http1AsyncReceiver.java:302)
at java.net.http/jdk.internal.net.http.Http1AsyncReceiver.flush(Http1AsyncReceiver.java:268)
at java.net.http/jdk.internal.net.http.common.SequentialScheduler$LockingRestartableTask.run(SequentialScheduler.java:205)
at java.net.http/jdk.internal.net.http.common.SequentialScheduler$CompleteRestartableTask.run(SequentialScheduler.java:149)
at java.net.http/jdk.internal.net.http.common.SequentialScheduler$SchedulableTask.run(SequentialScheduler.java:230)
... 3 more
Caused by: java.net.SocketException: Connection reset
at java.base/sun.nio.ch.SocketChannelImpl.throwConnectionReset(SocketChannelImpl.java:394)
at java.base/sun.nio.ch.SocketChannelImpl.read(SocketChannelImpl.java:426)
at java.net.http/jdk.internal.net.http.SocketTube.readAvailable(SocketTube.java:1170)
at java.net.http/jdk.internal.net.http.SocketTube$InternalReadPublisher$InternalReadSubscription.read(SocketTube.java:833)
at java.net.http/jdk.internal.net.http.SocketTube$SocketFlowTask.run(SocketTube.java:181)
at java.net.http/jdk.internal.net.http.common.SequentialScheduler$SchedulableTask.run(SequentialScheduler.java:230)
at java.net.http/jdk.internal.net.http.common.SequentialScheduler.runOrSchedule(SequentialScheduler.java:303)
at java.net.http/jdk.internal.net.http.common.SequentialScheduler.runOrSchedule(SequentialScheduler.java:256)
at java.net.http/jdk.internal.net.http.SocketTube$InternalReadPublisher$InternalReadSubscription.signalReadable(SocketTube.java:774)
at java.net.http/jdk.internal.net.http.SocketTube$InternalReadPublisher$ReadEvent.signalEvent(SocketTube.java:957)
at java.net.http/jdk.internal.net.http.SocketTube$SocketFlowEvent.handle(SocketTube.java:253)
at java.net.http/jdk.internal.net.http.HttpClientImpl$SelectorManager.handleEvent(HttpClientImpl.java:979)
at java.net.http/jdk.internal.net.http.HttpClientImpl$SelectorManager.lambda$run$3(HttpClientImpl.java:934)
at java.base/java.util.ArrayList.forEach(ArrayList.java:1511)
at java.net.http/jdk.internal.net.http.HttpClientImpl$SelectorManager.run(HttpClientImpl.java:934)
]]>
            </full-stacktrace>
          </exception> <!-- org.openqa.selenium.remote.UnreachableBrowserException -->
          <reporter-output>
          </reporter-output>
        </test-method> <!-- validLogin -->
        <test-method is-config="true" signature="tearDown()[pri:0, instance:task.Login.LoginTests@5e4c8041]" started-at="2025-11-07T20:53:42 GMT+02:00" name="tearDown" finished-at="2025-11-07T20:53:42 GMT+02:00" duration-ms="4" status="PASS">
          <reporter-output>
          </reporter-output>
        </test-method> <!-- tearDown -->
      </class> <!-- task.Login.LoginTests -->
    </test> <!-- Surefire test -->
  </suite> <!-- Surefire suite -->
</testng-results>
