<?xml version="1.0" encoding="UTF-8"?>
<!-- Generated by org.testng.reporters.JUnitReportReporter -->
<testsuite hostname="ddoddooo" failures="0" tests="3" name="task.Login.LoginTests" time="13.243" errors="0" timestamp="2025-11-24T22:30:07 GMT+02:00" skipped="0">
  <testcase classname="task.Login.LoginTests" name="missingPasswordLogin" time="0.460"/>
  <testcase classname="task.Login.LoginTests" name="validLogin" time="12.155"/>
  <testcase classname="task.Login.LoginTests" name="invalidLogin" time="0.628"/>
</testsuite> <!-- task.Login.LoginTests -->
