<?xml version="1.0" encoding="UTF-8"?>
<!-- Generated by org.testng.reporters.JUnitReportReporter -->
<testsuite hostname="ddoddooo" failures="0" tests="5" name="task.Inventory.InventoryTests" time="65.980" errors="0" timestamp="2025-11-24T23:10:25 GMT+02:00" skipped="0">
  <testcase classname="task.Inventory.InventoryTests" name="emptyCartTest" time="10.924"/>
  <testcase classname="task.Inventory.InventoryTests" name="inventoryTest" time="11.212"/>
  <testcase classname="task.Inventory.InventoryTests" name="linkenInIconTest" time="15.122"/>
  <testcase classname="task.Inventory.InventoryTests" name="facebookIconTest" time="12.662"/>
  <testcase classname="task.Inventory.InventoryTests" name="twitterIconTest" time="16.060"/>
</testsuite> <!-- task.Inventory.InventoryTests -->
